{"/mine/code/eyrie/src/engine/cryptographer/index.js": {"path":"/mine/code/eyrie/src/engine/cryptographer/index.js","statementMap":{"0":{"start":{"line":5,"column":18},"end":{"line":5,"column":31}},"1":{"start":{"line":7,"column":22},"end":{"line":25,"column":1}},"2":{"start":{"line":8,"column":15},"end":{"line":8,"column":43}},"3":{"start":{"line":10,"column":2},"end":{"line":24,"column":4}},"4":{"start":{"line":11,"column":19},"end":{"line":13,"column":20}},"5":{"start":{"line":14,"column":25},"end":{"line":18,"column":5}},"6":{"start":{"line":15,"column":21},"end":{"line":15,"column":54}},"7":{"start":{"line":16,"column":22},"end":{"line":16,"column":61}},"8":{"start":{"line":17,"column":6},"end":{"line":17,"column":21}},"9":{"start":{"line":20,"column":23},"end":{"line":20,"column":58}},"10":{"start":{"line":21,"column":24},"end":{"line":21,"column":75}},"11":{"start":{"line":22,"column":6},"end":{"line":22,"column":23}}},"fnMap":{"0":{"name":"(anonymous_0)","decl":{"start":{"line":7,"column":22},"end":{"line":7,"column":23}},"loc":{"start":{"line":7,"column":32},"end":{"line":25,"column":1}},"line":7},"1":{"name":"(anonymous_1)","decl":{"start":{"line":11,"column":10},"end":{"line":11,"column":11}},"loc":{"start":{"line":11,"column":19},"end":{"line":13,"column":20}},"line":11},"2":{"name":"(anonymous_2)","decl":{"start":{"line":14,"column":13},"end":{"line":14,"column":14}},"loc":{"start":{"line":14,"column":25},"end":{"line":18,"column":5}},"line":14},"3":{"name":"(anonymous_3)","decl":{"start":{"line":14,"column":25},"end":{"line":14,"column":26}},"loc":{"start":{"line":14,"column":33},"end":{"line":18,"column":5}},"line":14},"4":{"name":"(anonymous_4)","decl":{"start":{"line":19,"column":13},"end":{"line":19,"column":14}},"loc":{"start":{"line":19,"column":43},"end":{"line":23,"column":5}},"line":19}},"branchMap":{},"s":{"0":2,"1":2,"2":10,"3":10,"4":9,"5":6,"6":6,"7":6,"8":6,"9":4,"10":4,"11":3},"f":{"0":10,"1":9,"2":6,"3":6,"4":4},"b":{},"_coverageSchema":"332fd63041d2c1bcb487cc26dd0d5f7d97098a6c","hash":"bac4a424a73b41a681efb89ab1a3c622c16c5d5e"}
,"/mine/code/eyrie/src/engine/vault/index.js": {"path":"/mine/code/eyrie/src/engine/vault/index.js","statementMap":{"0":{"start":{"line":7,"column":23},"end":{"line":11,"column":1}},"1":{"start":{"line":13,"column":37},"end":{"line":22,"column":1}},"2":{"start":{"line":14,"column":25},"end":{"line":14,"column":48}},"3":{"start":{"line":15,"column":25},"end":{"line":15,"column":54}},"4":{"start":{"line":16,"column":28},"end":{"line":16,"column":76}},"5":{"start":{"line":17,"column":2},"end":{"line":21,"column":3}},"6":{"start":{"line":18,"column":4},"end":{"line":18,"column":41}},"7":{"start":{"line":20,"column":4},"end":{"line":20,"column":83}},"8":{"start":{"line":24,"column":14},"end":{"line":57,"column":1}},"9":{"start":{"line":25,"column":38},"end":{"line":38,"column":4}},"10":{"start":{"line":26,"column":27},"end":{"line":26,"column":48}},"11":{"start":{"line":27,"column":25},"end":{"line":27,"column":52}},"12":{"start":{"line":29,"column":30},"end":{"line":33,"column":44}},"13":{"start":{"line":35,"column":4},"end":{"line":37,"column":7}},"14":{"start":{"line":36,"column":6},"end":{"line":36,"column":45}},"15":{"start":{"line":40,"column":4},"end":{"line":40,"column":54}},"16":{"start":{"line":42,"column":32},"end":{"line":56,"column":4}},"17":{"start":{"line":43,"column":4},"end":{"line":55,"column":7}},"18":{"start":{"line":44,"column":6},"end":{"line":46,"column":7}},"19":{"start":{"line":45,"column":8},"end":{"line":45,"column":20}},"20":{"start":{"line":49,"column":6},"end":{"line":54,"column":7}},"21":{"start":{"line":50,"column":30},"end":{"line":50,"column":78}},"22":{"start":{"line":51,"column":8},"end":{"line":51,"column":31}},"23":{"start":{"line":53,"column":8},"end":{"line":53,"column":20}}},"fnMap":{"0":{"name":"(anonymous_0)","decl":{"start":{"line":13,"column":37},"end":{"line":13,"column":38}},"loc":{"start":{"line":13,"column":61},"end":{"line":22,"column":1}},"line":13},"1":{"name":"(anonymous_1)","decl":{"start":{"line":25,"column":10},"end":{"line":25,"column":11}},"loc":{"start":{"line":25,"column":38},"end":{"line":38,"column":4}},"line":25},"2":{"name":"(anonymous_2)","decl":{"start":{"line":25,"column":50},"end":{"line":25,"column":51}},"loc":{"start":{"line":25,"column":71},"end":{"line":38,"column":3}},"line":25},"3":{"name":"(anonymous_3)","decl":{"start":{"line":35,"column":74},"end":{"line":35,"column":75}},"loc":{"start":{"line":35,"column":81},"end":{"line":37,"column":5}},"line":35},"4":{"name":"(anonymous_4)","decl":{"start":{"line":39,"column":10},"end":{"line":39,"column":11}},"loc":{"start":{"line":39,"column":30},"end":{"line":41,"column":3}},"line":39},"5":{"name":"(anonymous_5)","decl":{"start":{"line":42,"column":8},"end":{"line":42,"column":9}},"loc":{"start":{"line":42,"column":32},"end":{"line":56,"column":4}},"line":42},"6":{"name":"(anonymous_6)","decl":{"start":{"line":42,"column":44},"end":{"line":42,"column":45}},"loc":{"start":{"line":42,"column":65},"end":{"line":56,"column":3}},"line":42},"7":{"name":"(anonymous_7)","decl":{"start":{"line":43,"column":34},"end":{"line":43,"column":35}},"loc":{"start":{"line":43,"column":53},"end":{"line":55,"column":5}},"line":43}},"branchMap":{"0":{"loc":{"start":{"line":36,"column":6},"end":{"line":36,"column":44}},"type":"cond-expr","locations":[{"start":{"line":36,"column":21},"end":{"line":36,"column":30}},{"start":{"line":36,"column":33},"end":{"line":36,"column":44}}],"line":36},"1":{"loc":{"start":{"line":44,"column":6},"end":{"line":46,"column":7}},"type":"if","locations":[{"start":{"line":44,"column":6},"end":{"line":46,"column":7}},{"start":{"line":44,"column":6},"end":{"line":46,"column":7}}],"line":44}},"s":{"0":1,"1":1,"2":3,"3":3,"4":3,"5":2,"6":2,"7":1,"8":1,"9":5,"10":5,"11":5,"12":5,"13":5,"14":5,"15":1,"16":3,"17":3,"18":3,"19":1,"20":3,"21":3,"22":1,"23":2},"f":{"0":3,"1":5,"2":5,"3":5,"4":1,"5":3,"6":3,"7":3},"b":{"0":[4,1],"1":[1,2]},"_coverageSchema":"332fd63041d2c1bcb487cc26dd0d5f7d97098a6c","hash":"d21e702b0c469287b07c9bdd23895881b240b41d"}
}
