{"/mine/code/eyrie/src/engine/vault/index.js": {"path":"/mine/code/eyrie/src/engine/vault/index.js","statementMap":{"0":{"start":{"line":6,"column":14},"end":{"line":15,"column":1}},"1":{"start":{"line":7,"column":30},"end":{"line":11,"column":4}},"2":{"start":{"line":8,"column":4},"end":{"line":10,"column":7}},"3":{"start":{"line":9,"column":6},"end":{"line":9,"column":45}},"4":{"start":{"line":13,"column":4},"end":{"line":13,"column":54}}},"fnMap":{"0":{"name":"(anonymous_0)","decl":{"start":{"line":7,"column":10},"end":{"line":7,"column":11}},"loc":{"start":{"line":7,"column":30},"end":{"line":11,"column":4}},"line":7},"1":{"name":"(anonymous_1)","decl":{"start":{"line":7,"column":42},"end":{"line":7,"column":43}},"loc":{"start":{"line":7,"column":63},"end":{"line":11,"column":3}},"line":7},"2":{"name":"(anonymous_2)","decl":{"start":{"line":8,"column":87},"end":{"line":8,"column":88}},"loc":{"start":{"line":8,"column":94},"end":{"line":10,"column":5}},"line":8},"3":{"name":"(anonymous_3)","decl":{"start":{"line":12,"column":10},"end":{"line":12,"column":11}},"loc":{"start":{"line":12,"column":30},"end":{"line":14,"column":3}},"line":12}},"branchMap":{"0":{"loc":{"start":{"line":9,"column":6},"end":{"line":9,"column":44}},"type":"cond-expr","locations":[{"start":{"line":9,"column":21},"end":{"line":9,"column":30}},{"start":{"line":9,"column":33},"end":{"line":9,"column":44}}],"line":9}},"s":{"0":1,"1":2,"2":2,"3":2,"4":1},"f":{"0":2,"1":2,"2":2,"3":1},"b":{"0":[2,0]},"_coverageSchema":"332fd63041d2c1bcb487cc26dd0d5f7d97098a6c","hash":"5d70344b7b1e410635f2e697b94c63eb80ad437c"}
}
