TN:
SF:/mine/code/eyrie/src/engine/cryptographer/index.js
FN:7,(anonymous_0)
FN:11,(anonymous_1)
FN:14,(anonymous_2)
FN:14,(anonymous_3)
FN:19,(anonymous_4)
FNF:5
FNH:5
FNDA:10,(anonymous_0)
FNDA:9,(anonymous_1)
FNDA:6,(anonymous_2)
FNDA:6,(anonymous_3)
FNDA:4,(anonymous_4)
DA:5,2
DA:7,2
DA:8,10
DA:10,10
DA:11,9
DA:14,6
DA:15,6
DA:16,6
DA:17,6
DA:20,4
DA:21,4
DA:22,3
LF:12
LH:12
BRF:0
BRH:0
end_of_record
TN:
SF:/mine/code/eyrie/src/engine/vault/index.js
FN:13,(anonymous_0)
FN:25,(anonymous_1)
FN:25,(anonymous_2)
FN:35,(anonymous_3)
FN:39,(anonymous_4)
FN:42,(anonymous_5)
FN:42,(anonymous_6)
FN:43,(anonymous_7)
FNF:8
FNH:8
FNDA:3,(anonymous_0)
FNDA:5,(anonymous_1)
FNDA:5,(anonymous_2)
FNDA:5,(anonymous_3)
FNDA:1,(anonymous_4)
FNDA:3,(anonymous_5)
FNDA:3,(anonymous_6)
FNDA:3,(anonymous_7)
DA:7,1
DA:13,1
DA:14,3
DA:15,3
DA:16,3
DA:17,2
DA:18,2
DA:20,1
DA:24,1
DA:25,5
DA:26,5
DA:27,5
DA:29,5
DA:35,5
DA:36,5
DA:40,1
DA:42,3
DA:43,3
DA:44,3
DA:45,1
DA:49,3
DA:50,3
DA:51,1
DA:53,2
LF:24
LH:24
BRDA:36,0,0,4
BRDA:36,0,1,1
BRDA:44,1,0,1
BRDA:44,1,1,2
BRF:4
BRH:4
end_of_record
